<?xml version="1.0" encoding="UTF-8"?>
<testsuite xmlns:xsi="http://www.w3.org/2001/XMLSchema-instance" xsi:noNamespaceSchemaLocation="https://maven.apache.org/surefire/maven-surefire-plugin/xsd/surefire-test-report-3.0.xsd" version="3.0" name="com.onlineshopping.inventoryservice.InventoryServiceApplicationTests" time="8.396" tests="1" errors="0" skipped="0" failures="0">
  <properties>
[...]
</properties>
  <testcase name="contextLoads" classname="com.onlineshopping.inventoryservice.InventoryServiceApplicationTests" time="0.763">
    <system-out><![CDATA[01:33:15.198 [main] INFO org.springframework.test.context.support.AnnotationConfigContextLoaderUtils -- Could not detect default configuration classes for test class [com.onlineshopping.inventoryservice.InventoryServiceApplicationTests]: InventoryServiceApplicationTests does not declare any static, non-private, non-final, nested classes annotated with @Configuration.
01:33:15.382 [main] INFO org.springframework.boot.test.context.SpringBootTestContextBootstrapper -- Found @SpringBootConfiguration com.onlineshopping.inventoryservice.InventoryServiceApplication for test class com.onlineshopping.inventoryservice.InventoryServiceApplicationTests

  .   ____          _            __ _ _
 /\\ / ___'_ __ _ _(_)_ __  __ _ \ \ \ \
( ( )\___ | '_ | '_| | '_ \/ _` | \ \ \ \
 \\/  ___)| |_)| | | | | || (_| |  ) ) ) )
  '  |____| .__|_| |_|_| |_\__, | / / / /
 =========|_|==============|___/=/_/_/_/
 :: Spring Boot ::                (v3.1.1)

2023-07-19T01:33:16.132+05:30  INFO 17264 --- [           main] c.o.i.InventoryServiceApplicationTests   : Starting InventoryServiceApplicationTests using Java 19.0.1 with PID 17264 (started by kurve in C:\Users\kurve\Documents\GitHub\Shopping-Application-microservices\inventory-service)
2023-07-19T01:33:16.135+05:30  INFO 17264 --- [           main] c.o.i.InventoryServiceApplicationTests   : No active profile set, falling back to 1 default profile: "default"
2023-07-19T01:33:17.309+05:30  INFO 17264 --- [           main] .s.d.r.c.RepositoryConfigurationDelegate : Bootstrapping Spring Data JPA repositories in DEFAULT mode.
2023-07-19T01:33:17.440+05:30  INFO 17264 --- [           main] .s.d.r.c.RepositoryConfigurationDelegate : Finished Spring Data repository scanning in 111 ms. Found 1 JPA repository interfaces.
2023-07-19T01:33:18.231+05:30  INFO 17264 --- [           main] o.hibernate.jpa.internal.util.LogHelper  : HHH000204: Processing PersistenceUnitInfo [name: default]
2023-07-19T01:33:18.351+05:30  INFO 17264 --- [           main] org.hibernate.Version                    : HHH000412: Hibernate ORM core version 6.2.5.Final
2023-07-19T01:33:18.354+05:30  INFO 17264 --- [           main] org.hibernate.cfg.Environment            : HHH000406: Using bytecode reflection optimizer
2023-07-19T01:33:18.688+05:30  INFO 17264 --- [           main] o.h.b.i.BytecodeProviderInitiator        : HHH000021: Bytecode provider name : bytebuddy
2023-07-19T01:33:18.895+05:30  INFO 17264 --- [           main] o.s.o.j.p.SpringPersistenceUnitInfo      : No LoadTimeWeaver setup: ignoring JPA class transformer
2023-07-19T01:33:18.922+05:30  INFO 17264 --- [           main] com.zaxxer.hikari.HikariDataSource       : HikariPool-1 - Starting...
2023-07-19T01:33:19.521+05:30  INFO 17264 --- [           main] com.zaxxer.hikari.pool.HikariPool        : HikariPool-1 - Added connection com.mysql.cj.jdbc.ConnectionImpl@18e4551
2023-07-19T01:33:19.526+05:30  INFO 17264 --- [           main] com.zaxxer.hikari.HikariDataSource       : HikariPool-1 - Start completed.
2023-07-19T01:33:19.596+05:30  WARN 17264 --- [           main] org.hibernate.orm.deprecation            : HHH90000026: MySQL8Dialect has been deprecated; use org.hibernate.dialect.MySQLDialect instead
2023-07-19T01:33:20.056+05:30  INFO 17264 --- [           main] o.h.b.i.BytecodeProviderInitiator        : HHH000021: Bytecode provider name : bytebuddy
2023-07-19T01:33:20.913+05:30  INFO 17264 --- [           main] o.h.e.t.j.p.i.JtaPlatformInitiator       : HHH000490: Using JtaPlatform implementation: [org.hibernate.engine.transaction.jta.platform.internal.NoJtaPlatform]
2023-07-19T01:33:20.996+05:30  INFO 17264 --- [           main] j.LocalContainerEntityManagerFactoryBean : Initialized JPA EntityManagerFactory for persistence unit 'default'
2023-07-19T01:33:21.754+05:30  WARN 17264 --- [           main] JpaBaseConfiguration$JpaWebConfiguration : spring.jpa.open-in-view is enabled by default. Therefore, database queries may be performed during view rendering. Explicitly configure spring.jpa.open-in-view to disable this warning
2023-07-19T01:33:22.331+05:30  INFO 17264 --- [           main] c.o.i.InventoryServiceApplicationTests   : Started InventoryServiceApplicationTests in 6.706 seconds (process running for 8.276)
Hibernate: insert into inventory (quantity,sku_code) values (?,?)
Hibernate: insert into inventory (quantity,sku_code) values (?,?)
]]></system-out>
  </testcase>
</testsuite>